This is METAFONT, Version 2.7182818 (TeX Live 2019/Arch Linux) (preloaded base=mf 2020.5.5)  20 JUN 2020 15:34
**schema.xml conf
(schema.xml
! A statement can't begin with `<'.
<to be read again> 
                   <
l.1 <
     ?xml version="1.0" encoding="UTF-8" ?>
? :q
Type <return> to proceed, S to scroll future error messages,
R to run without stopping, Q to run quietly,
I to insert something, E to edit your file,
1 or ... or 9 to ignore the next 1 to 9 tokens of input,
H for help, X to quit.
? 
! Extra tokens will be flushed.
<to be read again> 
                   <
l.1 <
     ?xml version="1.0" encoding="UTF-8" ?>
? 
! Interruption.
l.1 <
     ?xml version="1.0" encoding="UTF-8" ?>
? ?
Type <return> to proceed, S to scroll future error messages,
R to run without stopping, Q to run quietly,
I to insert something, E to edit your file,
H for help, X to quit.
? X

